C:\Program Files\Microsoft Visual Studio\2022\Community\MSBuild\Microsoft\VC\v170\Microsoft.CppBuild.targets(538,5): warning MSB8028: 中间目录(x64\Debug\)包含从另一个项目(QtWidgetsApplication1.vcxproj)共享的文件。   这会导致错误的清除和重新生成行为。
   Qt/MSBuild: 3.5.0.0
  Reading Qt configuration (D:/Qt/6.11.0/msvc2022_64/bin/qmake)
   Qt: 6.11.0
  uic mainwindow.ui
  rcc mainwindow.qrc
  moc mainwindow.h
  moc qcustomplot.h
  main.cpp
  mainwindow.cpp
  muParser.cpp
  muParserBase.cpp
  muParserBytecode.cpp
  muParserCallback.cpp
  muParserDLL.cpp
  muParserError.cpp
  muParserInt.cpp
  muParserTest.cpp
  muParserTokenReader.cpp
  qcustomplot.cpp
F:\test_C++\DataAnalyzer\QtWidgetsApplication1\muParserTokenReader.cpp(1,1): warning C4828: 文件包含在偏移 0x1da8 处开始的字符，该字符在当前源字符集中无效(代码页 65001)。
F:\test_C++\DataAnalyzer\QtWidgetsApplication1\muParserTest.h(210,44): warning C4244: “return”: 从“intptr_t”转换到“mu::value_type”，可能丢失数据
  (编译源文件“muParserTest.cpp”)
  
  qrc_mainwindow.cpp
  moc_mainwindow.cpp
  moc_qcustomplot.cpp
  QtWidgetsApplication1.vcxproj -> F:\test_C++\DataAnalyzer\x64\Debug\DataAnalyzer.exe
