f:\test_c++\dataanalyzer\qtwidgetsapplication1\x64\debug\vc143.pdb
f:\test_c++\dataanalyzer\qtwidgetsapplication1\x64\debug\vc143.idb
f:\test_c++\dataanalyzer\qtwidgetsapplication1\x64\debug\qrc_mainwindow.obj
f:\test_c++\dataanalyzer\qtwidgetsapplication1\x64\debug\qt\moc\moc_mainwindow.cpp
f:\test_c++\dataanalyzer\qtwidgetsapplication1\x64\debug\qt\moc\moc_qcustomplot.cpp
f:\test_c++\dataanalyzer\qtwidgetsapplication1\x64\debug\qt\uic\ui_mainwindow.h
f:\test_c++\dataanalyzer\qtwidgetsapplication1\x64\debug\qt\rcc\qrc_mainwindow.cpp
f:\test_c++\dataanalyzer\qtwidgetsapplication1\x64\debug\qtwidgetsapplication1.res
f:\test_c++\dataanalyzer\x64\debug\qtwidgetsapplication1.pdb
f:\test_c++\dataanalyzer\qtwidgetsapplication1\x64\debug\qtwidget.a1493b01.tlog\cl.command.1.tlog
f:\test_c++\dataanalyzer\qtwidgetsapplication1\x64\debug\qtwidget.a1493b01.tlog\cl.read.1.tlog
f:\test_c++\dataanalyzer\qtwidgetsapplication1\x64\debug\qtwidget.a1493b01.tlog\cl.write.1.tlog
f:\test_c++\dataanalyzer\qtwidgetsapplication1\x64\debug\qtwidget.a1493b01.tlog\link-cvtres.read.1.tlog
f:\test_c++\dataanalyzer\qtwidgetsapplication1\x64\debug\qtwidget.a1493b01.tlog\link-cvtres.write.1.tlog
f:\test_c++\dataanalyzer\qtwidgetsapplication1\x64\debug\qtwidget.a1493b01.tlog\link-rc.read.1.tlog
f:\test_c++\dataanalyzer\qtwidgetsapplication1\x64\debug\qtwidget.a1493b01.tlog\link-rc.write.1.tlog
f:\test_c++\dataanalyzer\qtwidgetsapplication1\x64\debug\qtwidget.a1493b01.tlog\link.command.1.tlog
f:\test_c++\dataanalyzer\qtwidgetsapplication1\x64\debug\qtwidget.a1493b01.tlog\link.read.1.tlog
f:\test_c++\dataanalyzer\qtwidgetsapplication1\x64\debug\qtwidget.a1493b01.tlog\link.read.2.tlog
f:\test_c++\dataanalyzer\qtwidgetsapplication1\x64\debug\qtwidget.a1493b01.tlog\link.read.3.tlog
f:\test_c++\dataanalyzer\qtwidgetsapplication1\x64\debug\qtwidget.a1493b01.tlog\link.read.4.tlog
f:\test_c++\dataanalyzer\qtwidgetsapplication1\x64\debug\qtwidget.a1493b01.tlog\link.read.5.tlog
f:\test_c++\dataanalyzer\qtwidgetsapplication1\x64\debug\qtwidget.a1493b01.tlog\link.write.1.tlog
f:\test_c++\dataanalyzer\qtwidgetsapplication1\x64\debug\qtwidget.a1493b01.tlog\moc.read.1u.tlog
f:\test_c++\dataanalyzer\qtwidgetsapplication1\x64\debug\qtwidget.a1493b01.tlog\moc.write.1u.tlog
f:\test_c++\dataanalyzer\qtwidgetsapplication1\x64\debug\qtwidget.a1493b01.tlog\qtwidgetsapplication1.write.1u.tlog
f:\test_c++\dataanalyzer\qtwidgetsapplication1\x64\debug\qtwidget.a1493b01.tlog\rc.command.1.tlog
f:\test_c++\dataanalyzer\qtwidgetsapplication1\x64\debug\qtwidget.a1493b01.tlog\rc.read.1.tlog
f:\test_c++\dataanalyzer\qtwidgetsapplication1\x64\debug\qtwidget.a1493b01.tlog\rc.write.1.tlog
f:\test_c++\dataanalyzer\qtwidgetsapplication1\x64\debug\qtwidget.a1493b01.tlog\rcc.read.1u.tlog
f:\test_c++\dataanalyzer\qtwidgetsapplication1\x64\debug\qtwidget.a1493b01.tlog\rcc.write.1u.tlog
f:\test_c++\dataanalyzer\qtwidgetsapplication1\x64\debug\qtwidget.a1493b01.tlog\uic.read.1u.tlog
f:\test_c++\dataanalyzer\qtwidgetsapplication1\x64\debug\qtwidget.a1493b01.tlog\uic.write.1u.tlog
