f:\test_c++\dataanalyzer\qtwidgetsapplication1\x64\debug\vc143.pdb
f:\test_c++\dataanalyzer\qtwidgetsapplication1\x64\debug\vc143.idb
f:\test_c++\dataanalyzer\qtwidgetsapplication1\x64\debug\qrc_mainwindow.obj
f:\test_c++\dataanalyzer\qtwidgetsapplication1\x64\debug\muparserint.obj
f:\test_c++\dataanalyzer\qtwidgetsapplication1\x64\debug\muparsertokenreader.obj
f:\test_c++\dataanalyzer\qtwidgetsapplication1\x64\debug\muparsercallback.obj
f:\test_c++\dataanalyzer\qtwidgetsapplication1\x64\debug\muparserbytecode.obj
f:\test_c++\dataanalyzer\qtwidgetsapplication1\x64\debug\mainwindow.obj
f:\test_c++\dataanalyzer\qtwidgetsapplication1\x64\debug\muparsertest.obj
f:\test_c++\dataanalyzer\qtwidgetsapplication1\x64\debug\qcustomplot.obj
f:\test_c++\dataanalyzer\qtwidgetsapplication1\x64\debug\muparsererror.obj
f:\test_c++\dataanalyzer\qtwidgetsapplication1\x64\debug\muparserdll.obj
f:\test_c++\dataanalyzer\qtwidgetsapplication1\x64\debug\main.obj
f:\test_c++\dataanalyzer\qtwidgetsapplication1\x64\debug\muparser.obj
f:\test_c++\dataanalyzer\qtwidgetsapplication1\x64\debug\muparserbase.obj
f:\test_c++\dataanalyzer\qtwidgetsapplication1\x64\debug\moc_qcustomplot.obj
f:\test_c++\dataanalyzer\qtwidgetsapplication1\x64\debug\moc_mainwindow.obj
f:\test_c++\dataanalyzer\qtwidgetsapplication1\x64\debug\qt\uic\ui_mainwindow.h
f:\test_c++\dataanalyzer\qtwidgetsapplication1\x64\debug\qt\rcc\qrc_mainwindow.cpp
f:\test_c++\dataanalyzer\qtwidgetsapplication1\x64\debug\qt\moc\moc_mainwindow.cpp
f:\test_c++\dataanalyzer\qtwidgetsapplication1\x64\debug\qt\moc\moc_qcustomplot.cpp
f:\test_c++\dataanalyzer\x64\debug\dataanalyzer.exe
f:\test_c++\dataanalyzer\x64\debug\dataanalyzer.pdb
f:\test_c++\dataanalyzer\qtwidgetsapplication1\x64\debug\qtwidgetsapplication1.res
f:\test_c++\dataanalyzer\qtwidgetsapplication1\x64\debug\dataanalyzer.ilk
f:\test_c++\dataanalyzer\qtwidgetsapplication1\x64\debug\dataanalyzer.tlog\cl.command.1.tlog
f:\test_c++\dataanalyzer\qtwidgetsapplication1\x64\debug\dataanalyzer.tlog\cl.items.tlog
f:\test_c++\dataanalyzer\qtwidgetsapplication1\x64\debug\dataanalyzer.tlog\cl.read.1.tlog
f:\test_c++\dataanalyzer\qtwidgetsapplication1\x64\debug\dataanalyzer.tlog\cl.write.1.tlog
f:\test_c++\dataanalyzer\qtwidgetsapplication1\x64\debug\dataanalyzer.tlog\dataanalyzer.write.1u.tlog
f:\test_c++\dataanalyzer\qtwidgetsapplication1\x64\debug\dataanalyzer.tlog\link.command.1.tlog
f:\test_c++\dataanalyzer\qtwidgetsapplication1\x64\debug\dataanalyzer.tlog\link.read.1.tlog
f:\test_c++\dataanalyzer\qtwidgetsapplication1\x64\debug\dataanalyzer.tlog\link.secondary.1.tlog
f:\test_c++\dataanalyzer\qtwidgetsapplication1\x64\debug\dataanalyzer.tlog\link.write.1.tlog
f:\test_c++\dataanalyzer\qtwidgetsapplication1\x64\debug\dataanalyzer.tlog\moc.read.1u.tlog
f:\test_c++\dataanalyzer\qtwidgetsapplication1\x64\debug\dataanalyzer.tlog\moc.write.1u.tlog
f:\test_c++\dataanalyzer\qtwidgetsapplication1\x64\debug\dataanalyzer.tlog\rc.command.1.tlog
f:\test_c++\dataanalyzer\qtwidgetsapplication1\x64\debug\dataanalyzer.tlog\rc.read.1.tlog
f:\test_c++\dataanalyzer\qtwidgetsapplication1\x64\debug\dataanalyzer.tlog\rc.write.1.tlog
f:\test_c++\dataanalyzer\qtwidgetsapplication1\x64\debug\dataanalyzer.tlog\rcc.read.1u.tlog
f:\test_c++\dataanalyzer\qtwidgetsapplication1\x64\debug\dataanalyzer.tlog\rcc.write.1u.tlog
f:\test_c++\dataanalyzer\qtwidgetsapplication1\x64\debug\dataanalyzer.tlog\uic.read.1u.tlog
f:\test_c++\dataanalyzer\qtwidgetsapplication1\x64\debug\dataanalyzer.tlog\uic.write.1u.tlog
